<?xml version="1.0" encoding="UTF-8"?>
<!-- Generated by org.testng.reporters.JUnitReportReporter -->
<testsuite hostname="DESKTOP-JE9AC2C" failures="0" tests="4" name="com.qa.sauce.testcases.CartProductDetails" time="2.229" errors="0" timestamp="2024-06-25T03:31:46 PDT" skipped="0">
  <testcase classname="com.qa.sauce.testcases.CartProductDetails" name="loginTest" time="1.471"/>
  <system-out/>
  <testcase classname="com.qa.sauce.testcases.CartProductDetails" name="Cartclick" time="0.058"/>
  <system-out/>
  <testcase classname="com.qa.sauce.testcases.CartProductDetails" name="CartImageClick" time="0.124"/>
  <system-out/>
  <testcase classname="com.qa.sauce.testcases.CartProductDetails" name="detailDisplay" time="0.576"/>
  <system-out/>
</testsuite> <!-- com.qa.sauce.testcases.CartProductDetails -->
