<?xml version="1.0" encoding="UTF-8"?>
<!-- Generated by org.testng.reporters.JUnitReportReporter -->
<testsuite hostname="DESKTOP-JE9AC2C" failures="0" tests="4" name="com.qa.sauce.testcases.RemoveFromCart" time="1.404" errors="0" timestamp="2024-06-25T04:06:21 PDT" skipped="0">
  <testcase classname="com.qa.sauce.testcases.RemoveFromCart" name="loginTest" time="1.026"/>
  <system-out/>
  <testcase classname="com.qa.sauce.testcases.RemoveFromCart" name="Cartclick" time="0.076"/>
  <system-out/>
  <testcase classname="com.qa.sauce.testcases.RemoveFromCart" name="CartImageClick" time="0.128"/>
  <system-out/>
  <testcase classname="com.qa.sauce.testcases.RemoveFromCart" name="removeClick" time="0.174"/>
  <system-out/>
</testsuite> <!-- com.qa.sauce.testcases.RemoveFromCart -->
