<?xml version="1.0" encoding="UTF-8"?>
<!-- Generated by org.testng.reporters.JUnitReportReporter -->
<testsuite hostname="DESKTOP-JE9AC2C" failures="0" tests="3" name="com.qa.sauce.testcases.LoginTestcase" time="3.101" errors="0" timestamp="2024-06-25T03:36:08 PDT" skipped="0">
  <testcase classname="com.qa.sauce.testcases.LoginTestcase" name="validateTitleTest" time="0.015"/>
  <system-out/>
  <testcase classname="com.qa.sauce.testcases.LoginTestcase" name="validateImageTest" time="0.037"/>
  <system-out/>
  <testcase classname="com.qa.sauce.testcases.LoginTestcase" name="loginTest" time="3.049"/>
  <system-out/>
</testsuite> <!-- com.qa.sauce.testcases.LoginTestcase -->
