<?xml version="1.0" encoding="UTF-8"?>
<!-- Generated by org.testng.reporters.JUnitReportReporter -->
<testsuite hostname="DESKTOP-JE9AC2C" failures="0" tests="3" name="com.qa.sauce.testcases.ClickOnProductimg" time="1.897" errors="0" timestamp="2024-06-25T05:00:14 PDT" skipped="0">
  <testcase classname="com.qa.sauce.testcases.ClickOnProductimg" name="loginTest" time="1.385"/>
  <system-out/>
  <testcase classname="com.qa.sauce.testcases.ClickOnProductimg" name="ImageDisplay" time="0.069"/>
  <system-out/>
  <testcase classname="com.qa.sauce.testcases.ClickOnProductimg" name="Imageclick" time="0.443"/>
  <system-out/>
</testsuite> <!-- com.qa.sauce.testcases.ClickOnProductimg -->
