<?xml version="1.0" encoding="UTF-8"?>
<!-- Generated by org.testng.reporters.JUnitReportReporter -->
<testsuite hostname="DESKTOP-JE9AC2C" failures="0" tests="3" name="com.qa.sauce.testcases.WrongLogin" time="0.493" errors="0" timestamp="2024-06-25T03:38:53 PDT" skipped="0">
  <testcase classname="com.qa.sauce.testcases.WrongLogin" name="validateTitleTest" time="0.018"/>
  <system-out/>
  <testcase classname="com.qa.sauce.testcases.WrongLogin" name="validateImageTest" time="0.042"/>
  <system-out/>
  <testcase classname="com.qa.sauce.testcases.WrongLogin" name="WrongUserId" time="0.433"/>
  <system-out/>
</testsuite> <!-- com.qa.sauce.testcases.WrongLogin -->
