<?xml version="1.0" encoding="UTF-8"?>
<!-- Generated by org.testng.reporters.JUnitReportReporter -->
<testsuite hostname="DESKTOP-JE9AC2C" failures="0" tests="3" name="com.qa.sauce.testcases.ClickOnProductImage" time="1.899" errors="0" timestamp="2024-06-25T03:32:23 PDT" skipped="0">
  <testcase classname="com.qa.sauce.testcases.ClickOnProductImage" name="loginTest" time="1.523"/>
  <system-out/>
  <testcase classname="com.qa.sauce.testcases.ClickOnProductImage" name="ImageDisplay" time="0.044"/>
  <system-out/>
  <testcase classname="com.qa.sauce.testcases.ClickOnProductImage" name="Imageclick" time="0.332"/>
  <system-out/>
</testsuite> <!-- com.qa.sauce.testcases.ClickOnProductImage -->
