<?xml version="1.0" encoding="UTF-8"?>
<!-- Generated by org.testng.reporters.JUnitReportReporter -->
<testsuite hostname="DESKTOP-JE9AC2C" failures="0" tests="3" name="com.qa.sauce.testcases.SidemenuBar" time="1.410" errors="0" timestamp="2024-06-25T04:04:36 PDT" skipped="0">
  <testcase classname="com.qa.sauce.testcases.SidemenuBar" name="loginTest" time="1.149"/>
  <system-out/>
  <testcase classname="com.qa.sauce.testcases.SidemenuBar" name="SideEnabled" time="0.032"/>
  <system-out/>
  <testcase classname="com.qa.sauce.testcases.SidemenuBar" name="SideBarclick" time="0.229"/>
  <system-out/>
</testsuite> <!-- com.qa.sauce.testcases.SidemenuBar -->
