<?xml version="1.0" encoding="UTF-8"?>
<!-- Generated by org.testng.reporters.JUnitReportReporter -->
<testsuite hostname="DESKTOP-JE9AC2C" failures="0" tests="3" name="com.qa.sauce.testcases.ClickOnProductName" time="2.414" errors="0" timestamp="2024-06-25T03:57:55 PDT" skipped="0">
  <testcase classname="com.qa.sauce.testcases.ClickOnProductName" name="loginTest" time="1.789"/>
  <system-out/>
  <testcase classname="com.qa.sauce.testcases.ClickOnProductName" name="proName" time="0.055"/>
  <system-out/>
  <testcase classname="com.qa.sauce.testcases.ClickOnProductName" name="Nameclick" time="0.570"/>
  <system-out/>
</testsuite> <!-- com.qa.sauce.testcases.ClickOnProductName -->
