<?xml version="1.0" encoding="UTF-8"?>
<!-- Generated by org.testng.reporters.JUnitReportReporter -->
<testsuite hostname="DESKTOP-JE9AC2C" failures="0" tests="2" name="com.qa.sauce.testcases.CartImage" time="2.107" errors="0" timestamp="2024-06-25T03:29:46 PDT" skipped="0">
  <testcase classname="com.qa.sauce.testcases.CartImage" name="loginTest" time="1.870"/>
  <system-out/>
  <testcase classname="com.qa.sauce.testcases.CartImage" name="CartClick" time="0.237"/>
  <system-out/>
</testsuite> <!-- com.qa.sauce.testcases.CartImage -->
