<?xml version="1.0" encoding="UTF-8"?>
<!-- Generated by org.testng.reporters.JUnitReportReporter -->
<testsuite hostname="DESKTOP-JE9AC2C" failures="0" tests="3" name="com.qa.sauce.testcases.Filters" time="2.004" errors="0" timestamp="2024-06-25T03:35:48 PDT" skipped="0">
  <testcase classname="com.qa.sauce.testcases.Filters" name="loginTest" time="1.660"/>
  <system-out/>
  <testcase classname="com.qa.sauce.testcases.Filters" name="dropDownDisplay" time="0.098"/>
  <system-out/>
  <testcase classname="com.qa.sauce.testcases.Filters" name="dropdownclick" time="0.246"/>
  <system-out/>
</testsuite> <!-- com.qa.sauce.testcases.Filters -->
