<?xml version="1.0" encoding="UTF-8"?>
<!-- Generated by org.testng.reporters.JUnitReportReporter -->
<testsuite hostname="DESKTOP-JE9AC2C" failures="0" tests="4" name="com.qa.sauce.testcases.AddToCart" time="1.973" errors="0" timestamp="2024-06-25T04:59:05 PDT" skipped="0">
  <testcase classname="com.qa.sauce.testcases.AddToCart" name="loginTest" time="1.536"/>
  <system-out/>
  <testcase classname="com.qa.sauce.testcases.AddToCart" name="CartDisplay" time="0.072"/>
  <system-out/>
  <testcase classname="com.qa.sauce.testcases.AddToCart" name="Cartclick" time="0.077"/>
  <system-out/>
  <testcase classname="com.qa.sauce.testcases.AddToCart" name="removeDisplay" time="0.288"/>
  <system-out/>
</testsuite> <!-- com.qa.sauce.testcases.AddToCart -->
