<?xml version="1.0" encoding="UTF-8"?>
<!-- Generated by org.testng.reporters.JUnitReportReporter -->
<testsuite hostname="DESKTOP-JE9AC2C" failures="0" tests="4" name="com.qa.sauce.testcases.CrossMark" time="1.823" errors="0" timestamp="2024-06-25T04:12:25 PDT" skipped="0">
  <testcase classname="com.qa.sauce.testcases.CrossMark" name="loginTest" time="1.487"/>
  <system-out/>
  <testcase classname="com.qa.sauce.testcases.CrossMark" name="SideBarclick" time="0.061"/>
  <system-out/>
  <testcase classname="com.qa.sauce.testcases.CrossMark" name="crossEnabled" time="0.035"/>
  <system-out/>
  <testcase classname="com.qa.sauce.testcases.CrossMark" name="Crossclick" time="0.240"/>
  <system-out/>
</testsuite> <!-- com.qa.sauce.testcases.CrossMark -->
