<?xml version="1.0" encoding="UTF-8"?>
<!-- Generated by org.testng.reporters.JUnitReportReporter -->
<testsuite hostname="DESKTOP-JE9AC2C" failures="0" tests="3" name="com.qa.sauce.testcases.WrongPassword" time="0.551" errors="0" timestamp="2024-06-25T04:03:15 PDT" skipped="0">
  <testcase classname="com.qa.sauce.testcases.WrongPassword" name="validateTitleTest" time="0.016"/>
  <system-out/>
  <testcase classname="com.qa.sauce.testcases.WrongPassword" name="validateImageTest" time="0.039"/>
  <system-out/>
  <testcase classname="com.qa.sauce.testcases.WrongPassword" name="Wrong" time="0.496"/>
  <system-out/>
</testsuite> <!-- com.qa.sauce.testcases.WrongPassword -->
