<?xml version="1.0" encoding="UTF-8"?>
<!-- Generated by org.testng.reporters.JUnitReportReporter -->
<testsuite hostname="DESKTOP-JE9AC2C" failures="0" tests="3" name="com.qa.sauce.testcases.Password" time="1.852" errors="0" timestamp="2024-06-25T03:36:33 PDT" skipped="0">
  <testcase classname="com.qa.sauce.testcases.Password" name="validateTitleTest" time="0.016"/>
  <system-out/>
  <testcase classname="com.qa.sauce.testcases.Password" name="validateImageTest" time="0.041"/>
  <system-out/>
  <testcase classname="com.qa.sauce.testcases.Password" name="loginTest" time="1.795"/>
  <system-out/>
</testsuite> <!-- com.qa.sauce.testcases.Password -->
